This is pdfTeX, Version 3.141592653-2.6-1.40.24 (MiKTeX 22.10) (preloaded format=pdflatex 2022.11.1)  11 NOV 2022 01:05
entering extended mode
 restricted \write18 enabled.
 %&-line parsing enabled.
**./main.tex
(main.tex
LaTeX2e <2022-06-01> patch level 5
L3 programming layer <2022-09-28>
(C:\Users\Naresh Bandaru\AppData\Local\Programs\MiKTeX\tex/latex/ieeetran\IEEEt
ran.cls
Document Class: IEEEtran 2015/08/26 V1.8b by Michael Shell
-- See the "IEEEtran_HOWTO" manual for usage information.
-- http://www.michaelshell.org/tex/ieeetran/
\@IEEEtrantmpdimenA=\dimen138
\@IEEEtrantmpdimenB=\dimen139
\@IEEEtrantmpdimenC=\dimen140
\@IEEEtrantmpcountA=\count185
\@IEEEtrantmpcountB=\count186
\@IEEEtrantmpcountC=\count187
\@IEEEtrantmptoksA=\toks16
LaTeX Font Info:    Trying to load font information for OT1+ptm on input line 5
03.

(C:\Users\Naresh Bandaru\AppData\Local\Programs\MiKTeX\tex/latex/psnfss\ot1ptm.
fd
File: ot1ptm.fd 2001/06/04 font definitions for OT1/ptm.
)
-- Using 8.5in x 11in (letter) paper.
-- Using PDF output.
\@IEEEnormalsizeunitybaselineskip=\dimen141
-- This is a 12 point document.
\CLASSINFOnormalsizebaselineskip=\dimen142
\CLASSINFOnormalsizeunitybaselineskip=\dimen143
\IEEEnormaljot=\dimen144
LaTeX Font Info:    Font shape `OT1/ptm/bx/n' in size <6> not available
(Font)              Font shape `OT1/ptm/b/n' tried instead on input line 1090.
LaTeX Font Info:    Font shape `OT1/ptm/bx/it' in size <6> not available
(Font)              Font shape `OT1/ptm/b/it' tried instead on input line 1090.

LaTeX Font Info:    Font shape `OT1/ptm/bx/n' in size <8> not available
(Font)              Font shape `OT1/ptm/b/n' tried instead on input line 1090.
LaTeX Font Info:    Font shape `OT1/ptm/bx/it' in size <8> not available
(Font)              Font shape `OT1/ptm/b/it' tried instead on input line 1090.

LaTeX Font Info:    Font shape `OT1/ptm/bx/n' in size <9> not available
(Font)              Font shape `OT1/ptm/b/n' tried instead on input line 1090.
LaTeX Font Info:    Font shape `OT1/ptm/bx/it' in size <9> not available
(Font)              Font shape `OT1/ptm/b/it' tried instead on input line 1090.

LaTeX Font Info:    Font shape `OT1/ptm/bx/n' in size <10> not available
(Font)              Font shape `OT1/ptm/b/n' tried instead on input line 1090.
LaTeX Font Info:    Font shape `OT1/ptm/bx/it' in size <10> not available
(Font)              Font shape `OT1/ptm/b/it' tried instead on input line 1090.

LaTeX Font Info:    Font shape `OT1/ptm/bx/n' in size <12> not available
(Font)              Font shape `OT1/ptm/b/n' tried instead on input line 1090.
LaTeX Font Info:    Font shape `OT1/ptm/bx/it' in size <12> not available
(Font)              Font shape `OT1/ptm/b/it' tried instead on input line 1090.

LaTeX Font Info:    Font shape `OT1/ptm/bx/n' in size <14> not available
(Font)              Font shape `OT1/ptm/b/n' tried instead on input line 1090.
LaTeX Font Info:    Font shape `OT1/ptm/bx/it' in size <14> not available
(Font)              Font shape `OT1/ptm/b/it' tried instead on input line 1090.

LaTeX Font Info:    Font shape `OT1/ptm/bx/n' in size <20> not available
(Font)              Font shape `OT1/ptm/b/n' tried instead on input line 1090.
LaTeX Font Info:    Font shape `OT1/ptm/bx/it' in size <20> not available
(Font)              Font shape `OT1/ptm/b/it' tried instead on input line 1090.

LaTeX Font Info:    Font shape `OT1/ptm/bx/n' in size <22> not available
(Font)              Font shape `OT1/ptm/b/n' tried instead on input line 1090.
LaTeX Font Info:    Font shape `OT1/ptm/bx/it' in size <22> not available
(Font)              Font shape `OT1/ptm/b/it' tried instead on input line 1090.

LaTeX Font Info:    Font shape `OT1/ptm/bx/n' in size <24> not available
(Font)              Font shape `OT1/ptm/b/n' tried instead on input line 1090.
LaTeX Font Info:    Font shape `OT1/ptm/bx/it' in size <24> not available
(Font)              Font shape `OT1/ptm/b/it' tried instead on input line 1090.

\IEEEquantizedlength=\dimen145
\IEEEquantizedlengthdiff=\dimen146
\IEEEquantizedtextheightdiff=\dimen147
\IEEEilabelindentA=\dimen148
\IEEEilabelindentB=\dimen149
\IEEEilabelindent=\dimen150
\IEEEelabelindent=\dimen151
\IEEEdlabelindent=\dimen152
\IEEElabelindent=\dimen153
\IEEEiednormlabelsep=\dimen154
\IEEEiedmathlabelsep=\dimen155
\IEEEiedtopsep=\skip47
\c@section=\count188
\c@subsection=\count189
\c@subsubsection=\count190
\c@paragraph=\count191
\c@IEEEsubequation=\count192
\abovecaptionskip=\skip48
\belowcaptionskip=\skip49
\c@figure=\count193
\c@table=\count194
\@IEEEeqnnumcols=\count195
\@IEEEeqncolcnt=\count196
\@IEEEsubeqnnumrollback=\count197
\@IEEEquantizeheightA=\dimen156
\@IEEEquantizeheightB=\dimen157
\@IEEEquantizeheightC=\dimen158
\@IEEEquantizeprevdepth=\dimen159
\@IEEEquantizemultiple=\count198
\@IEEEquantizeboxA=\box51
\@IEEEtmpitemindent=\dimen160
\IEEEPARstartletwidth=\dimen161
\c@IEEEbiography=\count199
\@IEEEtranrubishbin=\box52
)
(C:\Users\Naresh Bandaru\AppData\Local\Programs\MiKTeX\tex/latex/enumitem\enumi
tem.sty
Package: enumitem 2019/06/20 v3.9 Customized lists
\enitkv@toks@=\toks17
\labelindent=\skip50
\enit@outerparindent=\dimen162
\enit@toks=\toks18
\enit@inbox=\box53
\enit@count@id=\count266
\enitdp@description=\count267
)
(C:\Users\Naresh Bandaru\AppData\Local\Programs\MiKTeX\tex/latex/amsmath\amsmat
h.sty
Package: amsmath 2022/04/08 v2.17n AMS math features
\@mathmargin=\skip51

For additional information on amsmath, use the `?' option.

(C:\Users\Naresh Bandaru\AppData\Local\Programs\MiKTeX\tex/latex/amsmath\amstex
t.sty
Package: amstext 2021/08/26 v2.01 AMS text

(C:\Users\Naresh Bandaru\AppData\Local\Programs\MiKTeX\tex/latex/amsmath\amsgen
.sty
File: amsgen.sty 1999/11/30 v2.0 generic functions
\@emptytoks=\toks19
\ex@=\dimen163
))
(C:\Users\Naresh Bandaru\AppData\Local\Programs\MiKTeX\tex/latex/amsmath\amsbsy
.sty
Package: amsbsy 1999/11/29 v1.2d Bold Symbols
\pmbraise@=\dimen164
)
(C:\Users\Naresh Bandaru\AppData\Local\Programs\MiKTeX\tex/latex/amsmath\amsopn
.sty
Package: amsopn 2022/04/08 v2.04 operator names
)
\inf@bad=\count268
LaTeX Info: Redefining \frac on input line 234.
\uproot@=\count269
\leftroot@=\count270
LaTeX Info: Redefining \overline on input line 399.
LaTeX Info: Redefining \colon on input line 410.
\classnum@=\count271
\DOTSCASE@=\count272
LaTeX Info: Redefining \ldots on input line 496.
LaTeX Info: Redefining \dots on input line 499.
LaTeX Info: Redefining \cdots on input line 620.
\Mathstrutbox@=\box54
\strutbox@=\box55
LaTeX Info: Redefining \big on input line 722.
LaTeX Info: Redefining \Big on input line 723.
LaTeX Info: Redefining \bigg on input line 724.
LaTeX Info: Redefining \Bigg on input line 725.
\big@size=\dimen165
LaTeX Font Info:    Redeclaring font encoding OML on input line 743.
LaTeX Font Info:    Redeclaring font encoding OMS on input line 744.
\macc@depth=\count273
LaTeX Info: Redefining \bmod on input line 905.
LaTeX Info: Redefining \pmod on input line 910.
LaTeX Info: Redefining \smash on input line 940.
LaTeX Info: Redefining \relbar on input line 970.
LaTeX Info: Redefining \Relbar on input line 971.
\c@MaxMatrixCols=\count274
\dotsspace@=\muskip16
\c@parentequation=\count275
\dspbrk@lvl=\count276
\tag@help=\toks20
\row@=\count277
\column@=\count278
\maxfields@=\count279
\andhelp@=\toks21
\eqnshift@=\dimen166
\alignsep@=\dimen167
\tagshift@=\dimen168
\tagwidth@=\dimen169
\totwidth@=\dimen170
\lineht@=\dimen171
\@envbody=\toks22
\multlinegap=\skip52
\multlinetaggap=\skip53
\mathdisplay@stack=\toks23
LaTeX Info: Redefining \[ on input line 2953.
LaTeX Info: Redefining \] on input line 2954.
)
(C:\Users\Naresh Bandaru\AppData\Local\Programs\MiKTeX\tex/latex/amsfonts\amssy
mb.sty
Package: amssymb 2013/01/14 v3.01 AMS font symbols

(C:\Users\Naresh Bandaru\AppData\Local\Programs\MiKTeX\tex/latex/amsfonts\amsfo
nts.sty
Package: amsfonts 2013/01/14 v3.01 Basic AMSFonts support
\symAMSa=\mathgroup4
\symAMSb=\mathgroup5
LaTeX Font Info:    Redeclaring math symbol \hbar on input line 98.
LaTeX Font Info:    Overwriting math alphabet `\mathfrak' in version `bold'
(Font)                  U/euf/m/n --> U/euf/b/n on input line 106.
))
(C:\Users\Naresh Bandaru\AppData\Local\Programs\MiKTeX\tex/latex/gensymb\gensym
b.sty
Package: gensymb 2022/10 v1.0.1 (KJH)
)
! Missing = inserted for \ifnum.
<to be read again> 
                   v
l.7 \usepackage
               {graphicx}
I was expecting to see `<', `=', or `>'. Didn't.

! Missing number, treated as zero.
<to be read again> 
                   v
l.7 \usepackage
               {graphicx}
A number should have been here; I inserted `0'.
(If you can't figure out why I needed to see a number,
look up `weird error' in the index to The TeXbook.)


(C:\Users\Naresh Bandaru\AppData\Local\Programs\MiKTeX\tex/latex/graphics\graph
icx.sty
Package: graphicx 2021/09/16 v1.2d Enhanced LaTeX Graphics (DPC,SPQR)

(C:\Users\Naresh Bandaru\AppData\Local\Programs\MiKTeX\tex/latex/graphics\keyva
l.sty
Package: keyval 2022/05/29 v1.15 key=value parser (DPC)
\KV@toks@=\toks24
)
(C:\Users\Naresh Bandaru\AppData\Local\Programs\MiKTeX\tex/latex/graphics\graph
ics.sty
Package: graphics 2022/03/10 v1.4e Standard LaTeX Graphics (DPC,SPQR)

(C:\Users\Naresh Bandaru\AppData\Local\Programs\MiKTeX\tex/latex/graphics\trig.
sty
Package: trig 2021/08/11 v1.11 sin cos tan (DPC)
)
(C:\Users\Naresh Bandaru\AppData\Local\Programs\MiKTeX\tex/latex/graphics-cfg\g
raphics.cfg
File: graphics.cfg 2016/06/04 v1.11 sample graphics configuration
)
Package graphics Info: Driver file: pdftex.def on input line 107.

(C:\Users\Naresh Bandaru\AppData\Local\Programs\MiKTeX\tex/latex/graphics-def\p
dftex.def
File: pdftex.def 2022/09/22 v1.2b Graphics/color driver for pdftex
\stockwidth=\dimen172
\stockheight=\dimen173
))
\Gin@req@height=\dimen174
\Gin@req@width=\dimen175
)
(C:\Users\Naresh Bandaru\AppData\Local\Programs\MiKTeX\tex/latex/txfonts\txfont
s.sty
Package: txfonts 2008/01/22 v3.2.1
LaTeX Font Info:    Redeclaring symbol font `operators' on input line 21.
LaTeX Font Info:    Overwriting symbol font `operators' in version `normal'
(Font)                  OT1/cmr/m/n --> OT1/txr/m/n on input line 21.
LaTeX Font Info:    Overwriting symbol font `operators' in version `bold'
(Font)                  OT1/cmr/bx/n --> OT1/txr/m/n on input line 21.
LaTeX Font Info:    Overwriting symbol font `operators' in version `bold'
(Font)                  OT1/txr/m/n --> OT1/txr/bx/n on input line 22.
\symitalic=\mathgroup6
LaTeX Font Info:    Overwriting symbol font `italic' in version `bold'
(Font)                  OT1/txr/m/it --> OT1/txr/bx/it on input line 26.
LaTeX Font Info:    Redeclaring math alphabet \mathbf on input line 29.
LaTeX Font Info:    Overwriting math alphabet `\mathbf' in version `normal'
(Font)                  OT1/cmr/bx/n --> OT1/txr/bx/n on input line 29.
LaTeX Font Info:    Overwriting math alphabet `\mathbf' in version `bold'
(Font)                  OT1/cmr/bx/n --> OT1/txr/bx/n on input line 29.
LaTeX Font Info:    Redeclaring math alphabet \mathit on input line 30.
LaTeX Font Info:    Overwriting math alphabet `\mathit' in version `normal'
(Font)                  OT1/cmr/m/it --> OT1/txr/m/it on input line 30.
LaTeX Font Info:    Overwriting math alphabet `\mathit' in version `bold'
(Font)                  OT1/cmr/bx/it --> OT1/txr/m/it on input line 30.
LaTeX Font Info:    Overwriting math alphabet `\mathit' in version `bold'
(Font)                  OT1/txr/m/it --> OT1/txr/bx/it on input line 31.
LaTeX Font Info:    Redeclaring math alphabet \mathsf on input line 40.
LaTeX Font Info:    Overwriting math alphabet `\mathsf' in version `normal'
(Font)                  OT1/cmss/m/n --> OT1/txss/m/n on input line 40.
LaTeX Font Info:    Overwriting math alphabet `\mathsf' in version `bold'
(Font)                  OT1/cmss/bx/n --> OT1/txss/m/n on input line 40.
LaTeX Font Info:    Overwriting math alphabet `\mathsf' in version `bold'
(Font)                  OT1/txss/m/n --> OT1/txss/b/n on input line 41.
LaTeX Font Info:    Redeclaring math alphabet \mathtt on input line 50.
LaTeX Font Info:    Overwriting math alphabet `\mathtt' in version `normal'
(Font)                  OT1/cmtt/m/n --> OT1/txtt/m/n on input line 50.
LaTeX Font Info:    Overwriting math alphabet `\mathtt' in version `bold'
(Font)                  OT1/cmtt/m/n --> OT1/txtt/m/n on input line 50.
LaTeX Font Info:    Overwriting math alphabet `\mathtt' in version `bold'
(Font)                  OT1/txtt/m/n --> OT1/txtt/b/n on input line 51.
LaTeX Font Info:    Redeclaring symbol font `letters' on input line 58.
LaTeX Font Info:    Overwriting symbol font `letters' in version `normal'
(Font)                  OML/cmm/m/it --> OML/txmi/m/it on input line 58.
LaTeX Font Info:    Overwriting symbol font `letters' in version `bold'
(Font)                  OML/cmm/b/it --> OML/txmi/m/it on input line 58.
LaTeX Font Info:    Overwriting symbol font `letters' in version `bold'
(Font)                  OML/txmi/m/it --> OML/txmi/bx/it on input line 59.
\symlettersA=\mathgroup7
LaTeX Font Info:    Overwriting symbol font `lettersA' in version `bold'
(Font)                  U/txmia/m/it --> U/txmia/bx/it on input line 67.
LaTeX Font Info:    Redeclaring math alphabet \mathfrak on input line 70.
LaTeX Font Info:    Redeclaring symbol font `symbols' on input line 77.
LaTeX Font Info:    Overwriting symbol font `symbols' in version `normal'
(Font)                  OMS/cmsy/m/n --> OMS/txsy/m/n on input line 77.
LaTeX Font Info:    Overwriting symbol font `symbols' in version `bold'
(Font)                  OMS/cmsy/b/n --> OMS/txsy/m/n on input line 77.
LaTeX Font Info:    Overwriting symbol font `symbols' in version `bold'
(Font)                  OMS/txsy/m/n --> OMS/txsy/bx/n on input line 78.
LaTeX Font Info:    Redeclaring symbol font `AMSa' on input line 93.
LaTeX Font Info:    Overwriting symbol font `AMSa' in version `normal'
(Font)                  U/msa/m/n --> U/txsya/m/n on input line 93.
LaTeX Font Info:    Overwriting symbol font `AMSa' in version `bold'
(Font)                  U/msa/m/n --> U/txsya/m/n on input line 93.
LaTeX Font Info:    Overwriting symbol font `AMSa' in version `bold'
(Font)                  U/txsya/m/n --> U/txsya/bx/n on input line 94.
LaTeX Font Info:    Redeclaring symbol font `AMSb' on input line 102.
LaTeX Font Info:    Overwriting symbol font `AMSb' in version `normal'
(Font)                  U/msb/m/n --> U/txsyb/m/n on input line 102.
LaTeX Font Info:    Overwriting symbol font `AMSb' in version `bold'
(Font)                  U/msb/m/n --> U/txsyb/m/n on input line 102.
LaTeX Font Info:    Overwriting symbol font `AMSb' in version `bold'
(Font)                  U/txsyb/m/n --> U/txsyb/bx/n on input line 103.
\symsymbolsC=\mathgroup8
LaTeX Font Info:    Overwriting symbol font `symbolsC' in version `bold'
(Font)                  U/txsyc/m/n --> U/txsyc/bx/n on input line 113.
LaTeX Font Info:    Redeclaring symbol font `largesymbols' on input line 120.
LaTeX Font Info:    Overwriting symbol font `largesymbols' in version `normal'
(Font)                  OMX/cmex/m/n --> OMX/txex/m/n on input line 120.
LaTeX Font Info:    Overwriting symbol font `largesymbols' in version `bold'
(Font)                  OMX/cmex/m/n --> OMX/txex/m/n on input line 120.
LaTeX Font Info:    Overwriting symbol font `largesymbols' in version `bold'
(Font)                  OMX/txex/m/n --> OMX/txex/bx/n on input line 121.
\symlargesymbolsA=\mathgroup9
LaTeX Font Info:    Overwriting symbol font `largesymbolsA' in version `bold'
(Font)                  U/txexa/m/n --> U/txexa/bx/n on input line 129.
LaTeX Font Info:    Redeclaring math symbol \mathsterling on input line 164.
LaTeX Info: Redefining \not on input line 1043.
)
(C:\Users\Naresh Bandaru\AppData\Local\Programs\MiKTeX\tex/latex/listings\listi
ngs.sty
\lst@mode=\count280
\lst@gtempboxa=\box56
\lst@token=\toks25
\lst@length=\count281
\lst@currlwidth=\dimen176
\lst@column=\count282
\lst@pos=\count283
\lst@lostspace=\dimen177
\lst@width=\dimen178
\lst@newlines=\count284
\lst@lineno=\count285
\lst@maxwidth=\dimen179

(C:\Users\Naresh Bandaru\AppData\Local\Programs\MiKTeX\tex/latex/listings\lstmi
sc.sty
File: lstmisc.sty 2020/03/24 1.8d (Carsten Heinz)
\c@lstnumber=\count286
\lst@skipnumbers=\count287
\lst@framebox=\box57
)
(C:\Users\Naresh Bandaru\AppData\Local\Programs\MiKTeX\tex/latex/listings\listi
ngs.cfg
File: listings.cfg 2020/03/24 1.8d listings configuration
))
Package: listings 2020/03/24 1.8d (Carsten Heinz)

(C:\Users\Naresh Bandaru\AppData\Local\Programs\MiKTeX\tex/latex/lstaddons\lsta
utogobble.sty
Package: lstautogobble 2012/05/03 v0.1 Implements 'autogobble' option for 'list
ings'
\lstag@spacecount=\count288
)
(C:\Users\Naresh Bandaru\AppData\Local\Programs\MiKTeX\tex/latex/mathtools\math
tools.sty
Package: mathtools 2022/06/29 v1.29 mathematical typesetting tools

(C:\Users\Naresh Bandaru\AppData\Local\Programs\MiKTeX\tex/latex/tools\calc.sty
Package: calc 2017/05/25 v4.3 Infix arithmetic (KKT,FJ)
\calc@Acount=\count289
\calc@Bcount=\count290
\calc@Adimen=\dimen180
\calc@Bdimen=\dimen181
\calc@Askip=\skip54
\calc@Bskip=\skip55
LaTeX Info: Redefining \setlength on input line 80.
LaTeX Info: Redefining \addtolength on input line 81.
\calc@Ccount=\count291
\calc@Cskip=\skip56
)
(C:\Users\Naresh Bandaru\AppData\Local\Programs\MiKTeX\tex/latex/mathtools\mhse
tup.sty
Package: mhsetup 2021/03/18 v1.4 programming setup (MH)
)
\g_MT_multlinerow_int=\count292
\l_MT_multwidth_dim=\dimen182
\origjot=\skip57
\l_MT_shortvdotswithinadjustabove_dim=\dimen183
\l_MT_shortvdotswithinadjustbelow_dim=\dimen184
\l_MT_above_intertext_sep=\dimen185
\l_MT_below_intertext_sep=\dimen186
\l_MT_above_shortintertext_sep=\dimen187
\l_MT_below_shortintertext_sep=\dimen188
\xmathstrut@box=\box58
\xmathstrut@dim=\dimen189
)
(C:\Users\Naresh Bandaru\AppData\Local\Programs\MiKTeX\tex/latex/tools\bm.sty
Package: bm 2022/01/05 v1.2f Bold Symbol Support (DPC/FMi)
\symboldoperators=\mathgroup10
\symboldletters=\mathgroup11
\symboldsymbols=\mathgroup12
\symboldlargesymbols=\mathgroup13
LaTeX Font Info:    Redeclaring math alphabet \mathbf on input line 149.
)
(C:\Users\Naresh Bandaru\AppData\Local\Programs\MiKTeX\tex/latex/hyperref\hyper
ref.sty
Package: hyperref 2022-09-22 v7.00t Hypertext links for LaTeX

(C:\Users\Naresh Bandaru\AppData\Local\Programs\MiKTeX\tex/generic/ltxcmds\ltxc
mds.sty
Package: ltxcmds 2020-05-10 v1.25 LaTeX kernel commands for general use (HO)
)
(C:\Users\Naresh Bandaru\AppData\Local\Programs\MiKTeX\tex/generic/iftex\iftex.
sty
Package: iftex 2022/02/03 v1.0f TeX engine tests
)
(C:\Users\Naresh Bandaru\AppData\Local\Programs\MiKTeX\tex/generic/pdftexcmds\p
dftexcmds.sty
Package: pdftexcmds 2020-06-27 v0.33 Utility functions of pdfTeX for LuaTeX (HO
)

(C:\Users\Naresh Bandaru\AppData\Local\Programs\MiKTeX\tex/generic/infwarerr\in
fwarerr.sty
Package: infwarerr 2019/12/03 v1.5 Providing info/warning/error messages (HO)
)
Package pdftexcmds Info: \pdf@primitive is available.
Package pdftexcmds Info: \pdf@ifprimitive is available.
Package pdftexcmds Info: \pdfdraftmode found.
)
(C:\Users\Naresh Bandaru\AppData\Local\Programs\MiKTeX\tex/latex/kvsetkeys\kvse
tkeys.sty
Package: kvsetkeys 2022-10-05 v1.19 Key value parser (HO)
)
(C:\Users\Naresh Bandaru\AppData\Local\Programs\MiKTeX\tex/generic/kvdefinekeys
\kvdefinekeys.sty
Package: kvdefinekeys 2019-12-19 v1.6 Define keys (HO)
)
(C:\Users\Naresh Bandaru\AppData\Local\Programs\MiKTeX\tex/generic/pdfescape\pd
fescape.sty
Package: pdfescape 2019/12/09 v1.15 Implements pdfTeX's escape features (HO)
)
(C:\Users\Naresh Bandaru\AppData\Local\Programs\MiKTeX\tex/latex/hycolor\hycolo
r.sty
Package: hycolor 2020-01-27 v1.10 Color options for hyperref/bookmark (HO)
)
(C:\Users\Naresh Bandaru\AppData\Local\Programs\MiKTeX\tex/latex/letltxmacro\le
tltxmacro.sty
Package: letltxmacro 2019/12/03 v1.6 Let assignment for LaTeX macros (HO)
)
(C:\Users\Naresh Bandaru\AppData\Local\Programs\MiKTeX\tex/latex/auxhook\auxhoo
k.sty
Package: auxhook 2019-12-17 v1.6 Hooks for auxiliary files (HO)
)
(C:\Users\Naresh Bandaru\AppData\Local\Programs\MiKTeX\tex/latex/hyperref\namer
ef.sty
Package: nameref 2022-05-17 v2.50 Cross-referencing by name of section

(C:\Users\Naresh Bandaru\AppData\Local\Programs\MiKTeX\tex/latex/refcount\refco
unt.sty
Package: refcount 2019/12/15 v3.6 Data extraction from label references (HO)
)
(C:\Users\Naresh Bandaru\AppData\Local\Programs\MiKTeX\tex/generic/gettitlestri
ng\gettitlestring.sty
Package: gettitlestring 2019/12/15 v1.6 Cleanup title references (HO)

(C:\Users\Naresh Bandaru\AppData\Local\Programs\MiKTeX\tex/latex/kvoptions\kvop
tions.sty
Package: kvoptions 2022-06-15 v3.15 Key value format for package options (HO)
))
\c@section@level=\count293
)
\@linkdim=\dimen190
\Hy@linkcounter=\count294
\Hy@pagecounter=\count295

(C:\Users\Naresh Bandaru\AppData\Local\Programs\MiKTeX\tex/latex/hyperref\pd1en
c.def
File: pd1enc.def 2022-09-22 v7.00t Hyperref: PDFDocEncoding definition (HO)
Now handling font encoding PD1 ...
... no UTF-8 mapping file for font encoding PD1
)
(C:\Users\Naresh Bandaru\AppData\Local\Programs\MiKTeX\tex/generic/intcalc\intc
alc.sty
Package: intcalc 2019/12/15 v1.3 Expandable calculations with integers (HO)
)
(C:\Users\Naresh Bandaru\AppData\Local\Programs\MiKTeX\tex/generic/etexcmds\ete
xcmds.sty
Package: etexcmds 2019/12/15 v1.7 Avoid name clashes with e-TeX commands (HO)
)
\Hy@SavedSpaceFactor=\count296

(C:\Users\Naresh Bandaru\AppData\Local\Programs\MiKTeX\tex/latex/hyperref\puenc
.def
File: puenc.def 2022-09-22 v7.00t Hyperref: PDF Unicode definition (HO)
Now handling font encoding PU ...
... no UTF-8 mapping file for font encoding PU
)
Package hyperref Info: Hyper figures OFF on input line 4162.
Package hyperref Info: Link nesting OFF on input line 4167.
Package hyperref Info: Hyper index ON on input line 4170.
Package hyperref Info: Plain pages OFF on input line 4177.
Package hyperref Info: Backreferencing OFF on input line 4182.
Package hyperref Info: Implicit mode ON; LaTeX internals redefined.
Package hyperref Info: Bookmarks ON on input line 4410.
\c@Hy@tempcnt=\count297

(C:\Users\Naresh Bandaru\AppData\Local\Programs\MiKTeX\tex/latex/url\url.sty
\Urlmuskip=\muskip17
Package: url 2013/09/16  ver 3.4  Verb mode for urls, etc.
)
LaTeX Info: Redefining \url on input line 4748.
\XeTeXLinkMargin=\dimen191

(C:\Users\Naresh Bandaru\AppData\Local\Programs\MiKTeX\tex/generic/bitset\bitse
t.sty
Package: bitset 2019/12/09 v1.3 Handle bit-vector datatype (HO)

(C:\Users\Naresh Bandaru\AppData\Local\Programs\MiKTeX\tex/generic/bigintcalc\b
igintcalc.sty
Package: bigintcalc 2019/12/15 v1.5 Expandable calculations on big integers (HO
)
))
\Fld@menulength=\count298
\Field@Width=\dimen192
\Fld@charsize=\dimen193
Package hyperref Info: Hyper figures OFF on input line 6027.
Package hyperref Info: Link nesting OFF on input line 6032.
Package hyperref Info: Hyper index ON on input line 6035.
Package hyperref Info: backreferencing OFF on input line 6042.
Package hyperref Info: Link coloring OFF on input line 6047.
Package hyperref Info: Link coloring with OCG OFF on input line 6052.
Package hyperref Info: PDF/A mode OFF on input line 6057.

(C:\Users\Naresh Bandaru\AppData\Local\Programs\MiKTeX\tex/latex/base\atbegshi-
ltx.sty
Package: atbegshi-ltx 2021/01/10 v1.0c Emulation of the original atbegshi
package with kernel methods
)
\Hy@abspage=\count299
\c@Item=\count300
\c@Hfootnote=\count301
)
Package hyperref Info: Driver (autodetected): hpdftex.

(C:\Users\Naresh Bandaru\AppData\Local\Programs\MiKTeX\tex/latex/hyperref\hpdft
ex.def
File: hpdftex.def 2022-09-22 v7.00t Hyperref driver for pdfTeX

(C:\Users\Naresh Bandaru\AppData\Local\Programs\MiKTeX\tex/latex/base\atveryend
-ltx.sty
Package: atveryend-ltx 2020/08/19 v1.0a Emulation of the original atveryend pac
kage
with kernel methods
)
\Fld@listcount=\count302
\c@bookmark@seq@number=\count303

(C:\Users\Naresh Bandaru\AppData\Local\Programs\MiKTeX\tex/latex/rerunfilecheck
\rerunfilecheck.sty
Package: rerunfilecheck 2022-07-10 v1.10 Rerun checks for auxiliary files (HO)

(C:\Users\Naresh Bandaru\AppData\Local\Programs\MiKTeX\tex/generic/uniquecounte
r\uniquecounter.sty
Package: uniquecounter 2019/12/15 v1.4 Provide unlimited unique counter (HO)
)
Package uniquecounter Info: New unique counter `rerunfilecheck' on input line 2
85.
)
\Hy@SectionHShift=\skip58
)
(C:\Users\Naresh Bandaru\AppData\Local\Programs\MiKTeX\tex/latex/polynom\polyno
m.sty
Package: polynom 2017/07/17 0.19 (CH,HA)
\pld@currstage=\count304
)
(C:\Users\Naresh Bandaru\AppData\Local\Programs\MiKTeX\tex/latex/siunitx\siunit
x.sty
Package: siunitx 2022-10-23 v3.1.9 A comprehensive (SI) units package
\l__siunitx_angle_tmp_dim=\dimen194
\l__siunitx_angle_marker_box=\box59
\l__siunitx_angle_unit_box=\box60
\l__siunitx_compound_count_int=\count305

(C:\Users\Naresh Bandaru\AppData\Local\Programs\MiKTeX\tex/latex/translations\t
ranslations.sty
Package: translations 2022/02/05 v1.12 internationalization of LaTeX2e packages
 (CN)

(C:\Users\Naresh Bandaru\AppData\Local\Programs\MiKTeX\tex/latex/etoolbox\etool
box.sty
Package: etoolbox 2020/10/05 v2.5k e-TeX tools for LaTeX (JAW)
\etb@tempcnta=\count306
))
\l__siunitx_number_exponent_fixed_int=\count307
\l__siunitx_number_min_decimal_int=\count308
\l__siunitx_number_min_integer_int=\count309
\l__siunitx_number_round_precision_int=\count310
\l__siunitx_number_group_first_int=\count311
\l__siunitx_number_group_size_int=\count312
\l__siunitx_number_group_minimum_int=\count313
\l__siunitx_table_tmp_box=\box61
\l__siunitx_table_tmp_dim=\dimen195
\l__siunitx_table_column_width_dim=\dimen196
\l__siunitx_table_integer_box=\box62
\l__siunitx_table_decimal_box=\box63
\l__siunitx_table_before_box=\box64
\l__siunitx_table_after_box=\box65
\l__siunitx_table_before_dim=\dimen197
\l__siunitx_table_carry_dim=\dimen198
\l__siunitx_unit_tmp_int=\count314
\l__siunitx_unit_position_int=\count315
\l__siunitx_unit_total_int=\count316

(C:\Users\Naresh Bandaru\AppData\Local\Programs\MiKTeX\tex/latex/tools\array.st
y
Package: array 2022/03/10 v2.5f Tabular extension package (FMi)
\col@sep=\dimen199
\ar@mcellbox=\box66
\extrarowheight=\dimen256
\NC@list=\toks26
\extratabsurround=\skip59
\backup@length=\skip60
\ar@cellbox=\box67
))
(C:\Users\Naresh Bandaru\AppData\Local\Programs\MiKTeX\tex/latex/tools\verbatim
.sty
Package: verbatim 2020-07-07 v1.5u LaTeX2e package for verbatim enhancements
\every@verbatim=\toks27
\verbatim@line=\toks28
\verbatim@in@stream=\read2
)
(C:\Users\Naresh Bandaru\AppData\Local\Programs\MiKTeX\tex/latex/circuitikz\cir
cuitikz.sty
Package: circuitikz 2022/09/09{} The CircuiTikz circuit drawing package version
 1.5.4

(C:\Users\Naresh Bandaru\AppData\Local\Programs\MiKTeX\tex/latex/pgf/frontendla
yer\tikz.sty
(C:\Users\Naresh Bandaru\AppData\Local\Programs\MiKTeX\tex/latex/pgf/basiclayer
\pgf.sty
(C:\Users\Naresh Bandaru\AppData\Local\Programs\MiKTeX\tex/latex/pgf/utilities\
pgfrcs.sty
(C:\Users\Naresh Bandaru\AppData\Local\Programs\MiKTeX\tex/generic/pgf/utilitie
s\pgfutil-common.tex
\pgfutil@everybye=\toks29
\pgfutil@tempdima=\dimen257
\pgfutil@tempdimb=\dimen258

(C:\Users\Naresh Bandaru\AppData\Local\Programs\MiKTeX\tex/generic/pgf/utilitie
s\pgfutil-common-lists.tex))
(C:\Users\Naresh Bandaru\AppData\Local\Programs\MiKTeX\tex/generic/pgf/utilitie
s\pgfutil-latex.def
\pgfutil@abb=\box68
)
(C:\Users\Naresh Bandaru\AppData\Local\Programs\MiKTeX\tex/generic/pgf/utilitie
s\pgfrcs.code.tex
(C:\Users\Naresh Bandaru\AppData\Local\Programs\MiKTeX\tex/generic/pgf\pgf.revi
sion.tex)
Package: pgfrcs 2021/05/15 v3.1.9a (3.1.9a)
))
Package: pgf 2021/05/15 v3.1.9a (3.1.9a)

(C:\Users\Naresh Bandaru\AppData\Local\Programs\MiKTeX\tex/latex/pgf/basiclayer
\pgfcore.sty
(C:\Users\Naresh Bandaru\AppData\Local\Programs\MiKTeX\tex/latex/pgf/systemlaye
r\pgfsys.sty
(C:\Users\Naresh Bandaru\AppData\Local\Programs\MiKTeX\tex/generic/pgf/systemla
yer\pgfsys.code.tex
Package: pgfsys 2021/05/15 v3.1.9a (3.1.9a)

(C:\Users\Naresh Bandaru\AppData\Local\Programs\MiKTeX\tex/generic/pgf/utilitie
s\pgfkeys.code.tex
\pgfkeys@pathtoks=\toks30
\pgfkeys@temptoks=\toks31

(C:\Users\Naresh Bandaru\AppData\Local\Programs\MiKTeX\tex/generic/pgf/utilitie
s\pgfkeysfiltered.code.tex
\pgfkeys@tmptoks=\toks32
))
\pgf@x=\dimen259
\pgf@y=\dimen260
\pgf@xa=\dimen261
\pgf@ya=\dimen262
\pgf@xb=\dimen263
\pgf@yb=\dimen264
\pgf@xc=\dimen265
\pgf@yc=\dimen266
\pgf@xd=\dimen267
\pgf@yd=\dimen268
\w@pgf@writea=\write3
\r@pgf@reada=\read3
\c@pgf@counta=\count317
\c@pgf@countb=\count318
\c@pgf@countc=\count319
\c@pgf@countd=\count320
\t@pgf@toka=\toks33
\t@pgf@tokb=\toks34
\t@pgf@tokc=\toks35
\pgf@sys@id@count=\count321

(C:\Users\Naresh Bandaru\AppData\Local\Programs\MiKTeX\tex/generic/pgf/systemla
yer\pgf.cfg
File: pgf.cfg 2021/05/15 v3.1.9a (3.1.9a)
)
Driver file for pgf: pgfsys-pdftex.def

(C:\Users\Naresh Bandaru\AppData\Local\Programs\MiKTeX\tex/generic/pgf/systemla
yer\pgfsys-pdftex.def
File: pgfsys-pdftex.def 2021/05/15 v3.1.9a (3.1.9a)

(C:\Users\Naresh Bandaru\AppData\Local\Programs\MiKTeX\tex/generic/pgf/systemla
yer\pgfsys-common-pdf.def
File: pgfsys-common-pdf.def 2021/05/15 v3.1.9a (3.1.9a)
)))
(C:\Users\Naresh Bandaru\AppData\Local\Programs\MiKTeX\tex/generic/pgf/systemla
yer\pgfsyssoftpath.code.tex
File: pgfsyssoftpath.code.tex 2021/05/15 v3.1.9a (3.1.9a)
\pgfsyssoftpath@smallbuffer@items=\count322
\pgfsyssoftpath@bigbuffer@items=\count323
)
(C:\Users\Naresh Bandaru\AppData\Local\Programs\MiKTeX\tex/generic/pgf/systemla
yer\pgfsysprotocol.code.tex
File: pgfsysprotocol.code.tex 2021/05/15 v3.1.9a (3.1.9a)
))
(C:\Users\Naresh Bandaru\AppData\Local\Programs\MiKTeX\tex/latex/xcolor\xcolor.
sty
Package: xcolor 2022/06/12 v2.14 LaTeX color extensions (UK)

(C:\Users\Naresh Bandaru\AppData\Local\Programs\MiKTeX\tex/latex/graphics-cfg\c
olor.cfg
File: color.cfg 2016/01/02 v1.6 sample color configuration
)
Package xcolor Info: Driver file: pdftex.def on input line 227.

(C:\Users\Naresh Bandaru\AppData\Local\Programs\MiKTeX\tex/latex/graphics\mathc
olor.ltx)
Package xcolor Info: Model `cmy' substituted by `cmy0' on input line 1353.
Package xcolor Info: Model `hsb' substituted by `rgb' on input line 1357.
Package xcolor Info: Model `RGB' extended on input line 1369.
Package xcolor Info: Model `HTML' substituted by `rgb' on input line 1371.
Package xcolor Info: Model `Hsb' substituted by `hsb' on input line 1372.
Package xcolor Info: Model `tHsb' substituted by `hsb' on input line 1373.
Package xcolor Info: Model `HSB' substituted by `hsb' on input line 1374.
Package xcolor Info: Model `Gray' substituted by `gray' on input line 1375.
Package xcolor Info: Model `wave' substituted by `hsb' on input line 1376.
)
(C:\Users\Naresh Bandaru\AppData\Local\Programs\MiKTeX\tex/generic/pgf/basiclay
er\pgfcore.code.tex
Package: pgfcore 2021/05/15 v3.1.9a (3.1.9a)

(C:\Users\Naresh Bandaru\AppData\Local\Programs\MiKTeX\tex/generic/pgf/math\pgf
math.code.tex
(C:\Users\Naresh Bandaru\AppData\Local\Programs\MiKTeX\tex/generic/pgf/math\pgf
mathcalc.code.tex
(C:\Users\Naresh Bandaru\AppData\Local\Programs\MiKTeX\tex/generic/pgf/math\pgf
mathutil.code.tex)
(C:\Users\Naresh Bandaru\AppData\Local\Programs\MiKTeX\tex/generic/pgf/math\pgf
mathparser.code.tex
\pgfmath@dimen=\dimen269
\pgfmath@count=\count324
\pgfmath@box=\box69
\pgfmath@toks=\toks36
\pgfmath@stack@operand=\toks37
\pgfmath@stack@operation=\toks38
)
(C:\Users\Naresh Bandaru\AppData\Local\Programs\MiKTeX\tex/generic/pgf/math\pgf
mathfunctions.code.tex
(C:\Users\Naresh Bandaru\AppData\Local\Programs\MiKTeX\tex/generic/pgf/math\pgf
mathfunctions.basic.code.tex)
(C:\Users\Naresh Bandaru\AppData\Local\Programs\MiKTeX\tex/generic/pgf/math\pgf
mathfunctions.trigonometric.code.tex)
(C:\Users\Naresh Bandaru\AppData\Local\Programs\MiKTeX\tex/generic/pgf/math\pgf
mathfunctions.random.code.tex)
(C:\Users\Naresh Bandaru\AppData\Local\Programs\MiKTeX\tex/generic/pgf/math\pgf
mathfunctions.comparison.code.tex)
(C:\Users\Naresh Bandaru\AppData\Local\Programs\MiKTeX\tex/generic/pgf/math\pgf
mathfunctions.base.code.tex)
(C:\Users\Naresh Bandaru\AppData\Local\Programs\MiKTeX\tex/generic/pgf/math\pgf
mathfunctions.round.code.tex)
(C:\Users\Naresh Bandaru\AppData\Local\Programs\MiKTeX\tex/generic/pgf/math\pgf
mathfunctions.misc.code.tex)
(C:\Users\Naresh Bandaru\AppData\Local\Programs\MiKTeX\tex/generic/pgf/math\pgf
mathfunctions.integerarithmetics.code.tex)))
(C:\Users\Naresh Bandaru\AppData\Local\Programs\MiKTeX\tex/generic/pgf/math\pgf
mathfloat.code.tex
\c@pgfmathroundto@lastzeros=\count325
))
(C:\Users\Naresh Bandaru\AppData\Local\Programs\MiKTeX\tex/generic/pgf/math\pgf
int.code.tex)
(C:\Users\Naresh Bandaru\AppData\Local\Programs\MiKTeX\tex/generic/pgf/basiclay
er\pgfcorepoints.code.tex
File: pgfcorepoints.code.tex 2021/05/15 v3.1.9a (3.1.9a)
\pgf@picminx=\dimen270
\pgf@picmaxx=\dimen271
\pgf@picminy=\dimen272
\pgf@picmaxy=\dimen273
\pgf@pathminx=\dimen274
\pgf@pathmaxx=\dimen275
\pgf@pathminy=\dimen276
\pgf@pathmaxy=\dimen277
\pgf@xx=\dimen278
\pgf@xy=\dimen279
\pgf@yx=\dimen280
\pgf@yy=\dimen281
\pgf@zx=\dimen282
\pgf@zy=\dimen283
)
(C:\Users\Naresh Bandaru\AppData\Local\Programs\MiKTeX\tex/generic/pgf/basiclay
er\pgfcorepathconstruct.code.tex
File: pgfcorepathconstruct.code.tex 2021/05/15 v3.1.9a (3.1.9a)
\pgf@path@lastx=\dimen284
\pgf@path@lasty=\dimen285
)
(C:\Users\Naresh Bandaru\AppData\Local\Programs\MiKTeX\tex/generic/pgf/basiclay
er\pgfcorepathusage.code.tex
File: pgfcorepathusage.code.tex 2021/05/15 v3.1.9a (3.1.9a)
\pgf@shorten@end@additional=\dimen286
\pgf@shorten@start@additional=\dimen287
)
(C:\Users\Naresh Bandaru\AppData\Local\Programs\MiKTeX\tex/generic/pgf/basiclay
er\pgfcorescopes.code.tex
File: pgfcorescopes.code.tex 2021/05/15 v3.1.9a (3.1.9a)
\pgfpic=\box70
\pgf@hbox=\box71
\pgf@layerbox@main=\box72
\pgf@picture@serial@count=\count326
)
(C:\Users\Naresh Bandaru\AppData\Local\Programs\MiKTeX\tex/generic/pgf/basiclay
er\pgfcoregraphicstate.code.tex
File: pgfcoregraphicstate.code.tex 2021/05/15 v3.1.9a (3.1.9a)
\pgflinewidth=\dimen288
)
(C:\Users\Naresh Bandaru\AppData\Local\Programs\MiKTeX\tex/generic/pgf/basiclay
er\pgfcoretransformations.code.tex
File: pgfcoretransformations.code.tex 2021/05/15 v3.1.9a (3.1.9a)
\pgf@pt@x=\dimen289
\pgf@pt@y=\dimen290
\pgf@pt@temp=\dimen291
)
(C:\Users\Naresh Bandaru\AppData\Local\Programs\MiKTeX\tex/generic/pgf/basiclay
er\pgfcorequick.code.tex
File: pgfcorequick.code.tex 2021/05/15 v3.1.9a (3.1.9a)
)
(C:\Users\Naresh Bandaru\AppData\Local\Programs\MiKTeX\tex/generic/pgf/basiclay
er\pgfcoreobjects.code.tex
File: pgfcoreobjects.code.tex 2021/05/15 v3.1.9a (3.1.9a)
)
(C:\Users\Naresh Bandaru\AppData\Local\Programs\MiKTeX\tex/generic/pgf/basiclay
er\pgfcorepathprocessing.code.tex
File: pgfcorepathprocessing.code.tex 2021/05/15 v3.1.9a (3.1.9a)
)
(C:\Users\Naresh Bandaru\AppData\Local\Programs\MiKTeX\tex/generic/pgf/basiclay
er\pgfcorearrows.code.tex
File: pgfcorearrows.code.tex 2021/05/15 v3.1.9a (3.1.9a)
\pgfarrowsep=\dimen292
)
(C:\Users\Naresh Bandaru\AppData\Local\Programs\MiKTeX\tex/generic/pgf/basiclay
er\pgfcoreshade.code.tex
File: pgfcoreshade.code.tex 2021/05/15 v3.1.9a (3.1.9a)
\pgf@max=\dimen293
\pgf@sys@shading@range@num=\count327
\pgf@shadingcount=\count328
)
(C:\Users\Naresh Bandaru\AppData\Local\Programs\MiKTeX\tex/generic/pgf/basiclay
er\pgfcoreimage.code.tex
File: pgfcoreimage.code.tex 2021/05/15 v3.1.9a (3.1.9a)

(C:\Users\Naresh Bandaru\AppData\Local\Programs\MiKTeX\tex/generic/pgf/basiclay
er\pgfcoreexternal.code.tex
File: pgfcoreexternal.code.tex 2021/05/15 v3.1.9a (3.1.9a)
\pgfexternal@startupbox=\box73
))
(C:\Users\Naresh Bandaru\AppData\Local\Programs\MiKTeX\tex/generic/pgf/basiclay
er\pgfcorelayers.code.tex
File: pgfcorelayers.code.tex 2021/05/15 v3.1.9a (3.1.9a)
)
(C:\Users\Naresh Bandaru\AppData\Local\Programs\MiKTeX\tex/generic/pgf/basiclay
er\pgfcoretransparency.code.tex
File: pgfcoretransparency.code.tex 2021/05/15 v3.1.9a (3.1.9a)
)
(C:\Users\Naresh Bandaru\AppData\Local\Programs\MiKTeX\tex/generic/pgf/basiclay
er\pgfcorepatterns.code.tex
File: pgfcorepatterns.code.tex 2021/05/15 v3.1.9a (3.1.9a)
)
(C:\Users\Naresh Bandaru\AppData\Local\Programs\MiKTeX\tex/generic/pgf/basiclay
er\pgfcorerdf.code.tex
File: pgfcorerdf.code.tex 2021/05/15 v3.1.9a (3.1.9a)
)))
(C:\Users\Naresh Bandaru\AppData\Local\Programs\MiKTeX\tex/generic/pgf/modules\
pgfmoduleshapes.code.tex
File: pgfmoduleshapes.code.tex 2021/05/15 v3.1.9a (3.1.9a)
\pgfnodeparttextbox=\box74
)
(C:\Users\Naresh Bandaru\AppData\Local\Programs\MiKTeX\tex/generic/pgf/modules\
pgfmoduleplot.code.tex
File: pgfmoduleplot.code.tex 2021/05/15 v3.1.9a (3.1.9a)
)
(C:\Users\Naresh Bandaru\AppData\Local\Programs\MiKTeX\tex/latex/pgf/compatibil
ity\pgfcomp-version-0-65.sty
Package: pgfcomp-version-0-65 2021/05/15 v3.1.9a (3.1.9a)
\pgf@nodesepstart=\dimen294
\pgf@nodesepend=\dimen295
)
(C:\Users\Naresh Bandaru\AppData\Local\Programs\MiKTeX\tex/latex/pgf/compatibil
ity\pgfcomp-version-1-18.sty
Package: pgfcomp-version-1-18 2021/05/15 v3.1.9a (3.1.9a)
))
(C:\Users\Naresh Bandaru\AppData\Local\Programs\MiKTeX\tex/latex/pgf/utilities\
pgffor.sty
(C:\Users\Naresh Bandaru\AppData\Local\Programs\MiKTeX\tex/latex/pgf/utilities\
pgfkeys.sty
(C:\Users\Naresh Bandaru\AppData\Local\Programs\MiKTeX\tex/generic/pgf/utilitie
s\pgfkeys.code.tex))
(C:\Users\Naresh Bandaru\AppData\Local\Programs\MiKTeX\tex/latex/pgf/math\pgfma
th.sty
(C:\Users\Naresh Bandaru\AppData\Local\Programs\MiKTeX\tex/generic/pgf/math\pgf
math.code.tex))
(C:\Users\Naresh Bandaru\AppData\Local\Programs\MiKTeX\tex/generic/pgf/utilitie
s\pgffor.code.tex
Package: pgffor 2021/05/15 v3.1.9a (3.1.9a)

(C:\Users\Naresh Bandaru\AppData\Local\Programs\MiKTeX\tex/generic/pgf/math\pgf
math.code.tex)
\pgffor@iter=\dimen296
\pgffor@skip=\dimen297
\pgffor@stack=\toks39
\pgffor@toks=\toks40
))
(C:\Users\Naresh Bandaru\AppData\Local\Programs\MiKTeX\tex/generic/pgf/frontend
layer/tikz\tikz.code.tex
Package: tikz 2021/05/15 v3.1.9a (3.1.9a)

(C:\Users\Naresh Bandaru\AppData\Local\Programs\MiKTeX\tex/generic/pgf/librarie
s\pgflibraryplothandlers.code.tex
File: pgflibraryplothandlers.code.tex 2021/05/15 v3.1.9a (3.1.9a)
\pgf@plot@mark@count=\count329
\pgfplotmarksize=\dimen298
)
\tikz@lastx=\dimen299
\tikz@lasty=\dimen300
\tikz@lastxsaved=\dimen301
\tikz@lastysaved=\dimen302
\tikz@lastmovetox=\dimen303
\tikz@lastmovetoy=\dimen304
\tikzleveldistance=\dimen305
\tikzsiblingdistance=\dimen306
\tikz@figbox=\box75
\tikz@figbox@bg=\box76
\tikz@tempbox=\box77
\tikz@tempbox@bg=\box78
\tikztreelevel=\count330
\tikznumberofchildren=\count331
\tikznumberofcurrentchild=\count332
\tikz@fig@count=\count333

(C:\Users\Naresh Bandaru\AppData\Local\Programs\MiKTeX\tex/generic/pgf/modules\
pgfmodulematrix.code.tex
File: pgfmodulematrix.code.tex 2021/05/15 v3.1.9a (3.1.9a)
\pgfmatrixcurrentrow=\count334
\pgfmatrixcurrentcolumn=\count335
\pgf@matrix@numberofcolumns=\count336
)
\tikz@expandcount=\count337

(C:\Users\Naresh Bandaru\AppData\Local\Programs\MiKTeX\tex/generic/pgf/frontend
layer/tikz/libraries\tikzlibrarytopaths.code.tex
File: tikzlibrarytopaths.code.tex 2021/05/15 v3.1.9a (3.1.9a)
)))
(C:\Users\Naresh Bandaru\AppData\Local\Programs\MiKTeX\tex/generic/pgf/frontend
layer/tikz/libraries\tikzlibrarycalc.code.tex
File: tikzlibrarycalc.code.tex 2021/05/15 v3.1.9a (3.1.9a)
)
(C:\Users\Naresh Bandaru\AppData\Local\Programs\MiKTeX\tex/generic/pgf/librarie
s\pgflibraryarrows.meta.code.tex
File: pgflibraryarrows.meta.code.tex 2021/05/15 v3.1.9a (3.1.9a)
\pgfarrowinset=\dimen307
\pgfarrowlength=\dimen308
\pgfarrowwidth=\dimen309
\pgfarrowlinewidth=\dimen310
)
(C:\Users\Naresh Bandaru\AppData\Local\Programs\MiKTeX\tex/generic/pgf/frontend
layer/tikz/libraries\tikzlibrarybending.code.tex
File: tikzlibrarybending.code.tex 2021/05/15 v3.1.9a (3.1.9a)

(C:\Users\Naresh Bandaru\AppData\Local\Programs\MiKTeX\tex/generic/pgf/modules\
pgfmodulebending.code.tex
File: pgfmodulebending.code.tex 2021/05/15 v3.1.9a (3.1.9a)

(C:\Users\Naresh Bandaru\AppData\Local\Programs\MiKTeX\tex/generic/pgf/modules\
pgfmodulenonlineartransformations.code.tex
File: pgfmodulenonlineartransformations.code.tex 2021/05/15 v3.1.9a (3.1.9a)
\pgftransformnonlinearflatness=\dimen311
)
(C:\Users\Naresh Bandaru\AppData\Local\Programs\MiKTeX\tex/generic/pgf/librarie
s\pgflibrarycurvilinear.code.tex
File: pgflibrarycurvilinear.code.tex 2021/05/15 v3.1.9a (3.1.9a)
\pgf@curvilinear@time@a=\dimen312
\pgf@curvilinear@length@a=\dimen313
\pgf@curvilinear@length@b=\dimen314
\pgf@curvilinear@length@c=\dimen315
\pgf@curvilinear@length@d=\dimen316
)
\pgf@arrows@the@rigidity=\dimen317
))
(C:\Users\Naresh Bandaru\AppData\Local\Programs\MiKTeX\tex/generic/pgf/frontend
layer/tikz/libraries\tikzlibraryfpu.code.tex
(C:\Users\Naresh Bandaru\AppData\Local\Programs\MiKTeX\tex/generic/pgf/librarie
s\pgflibraryfpu.code.tex))
(C:\Users\Naresh Bandaru\AppData\Local\Programs\MiKTeX\tex/generic/circuitikz\p
gfcirc.defines.tex
\pgf@circ@count@a=\count338
\pgf@circ@count@b=\count339
\pgf@circ@count@c=\count340
\pgf@circ@res@up=\dimen318
\pgf@circ@res@down=\dimen319
\pgf@circ@res@zero=\dimen320
\pgf@circ@res@left=\dimen321
\pgf@circ@res@right=\dimen322
\pgf@circ@res@other=\dimen323
\pgf@circ@res@step=\dimen324
\pgf@circ@res@temp=\dimen325
\pgf@circ@Rlen=\dimen326
\pgf@circ@scaled@Rlen=\dimen327
\pgfstartlinewidth=\dimen328
)
(C:\Users\Naresh Bandaru\AppData\Local\Programs\MiKTeX\tex/generic/circuitikz\p
gfcircutils.tex
\ctikz@scratchbox=\box79
)
(C:\Users\Naresh Bandaru\AppData\Local\Programs\MiKTeX\tex/generic/circuitikz\p
gfcircpath.tex)
(C:\Users\Naresh Bandaru\AppData\Local\Programs\MiKTeX\tex/generic/circuitikz\p
gfcircshapes.tex)
(C:\Users\Naresh Bandaru\AppData\Local\Programs\MiKTeX\tex/generic/circuitikz\p
gfcircmonopoles.tex)
(C:\Users\Naresh Bandaru\AppData\Local\Programs\MiKTeX\tex/generic/circuitikz\p
gfcircbipoles.tex)
(C:\Users\Naresh Bandaru\AppData\Local\Programs\MiKTeX\tex/generic/circuitikz\p
gfcirctripoles.tex
\pgf@circ@res@count=\count341
)
(C:\Users\Naresh Bandaru\AppData\Local\Programs\MiKTeX\tex/generic/circuitikz\p
gfcircquadpoles.tex)
(C:\Users\Naresh Bandaru\AppData\Local\Programs\MiKTeX\tex/generic/circuitikz\p
gfcircmultipoles.tex)
(C:\Users\Naresh Bandaru\AppData\Local\Programs\MiKTeX\tex/generic/circuitikz\p
gfcirclabel.tex)
(C:\Users\Naresh Bandaru\AppData\Local\Programs\MiKTeX\tex/generic/circuitikz\p
gfcircvoltage.tex
\pgfcirc@labelshift=\dimen329
)
(C:\Users\Naresh Bandaru\AppData\Local\Programs\MiKTeX\tex/generic/circuitikz\p
gfcirccurrent.tex)
(C:\Users\Naresh Bandaru\AppData\Local\Programs\MiKTeX\tex/generic/circuitikz\p
gfcircflow.tex)
(C:\Users\Naresh Bandaru\AppData\Local\Programs\MiKTeX\tex/latex/xstring\xstrin
g.sty
(C:\Users\Naresh Bandaru\AppData\Local\Programs\MiKTeX\tex/generic/xstring\xstr
ing.tex
\integerpart=\count342
\decimalpart=\count343
)
Package: xstring 2021/07/21 v1.84 String manipulations (CT)
))
Package translations Info: No language package found. I am going to use `englis
h' as default language. on input line 106.
LaTeX Font Info:    Trying to load font information for OT1+txr on input line 1
06.

(C:\Users\Naresh Bandaru\AppData\Local\Programs\MiKTeX\tex/latex/txfonts\ot1txr
.fd
File: ot1txr.fd 2000/12/15 v3.1
)
(C:\Users\Naresh Bandaru\AppData\Local\Programs\MiKTeX\tex/latex/l3backend\l3ba
ckend-pdftex.def
File: l3backend-pdftex.def 2022-09-28 L3 backend support: PDF output (pdfTeX)
\l__color_backend_stack_int=\count344
\l__pdf_internal_box=\box80
) (main.aux

LaTeX Warning: Label `fig-2.3' multiply defined.

)
\openout1 = `main.aux'.

LaTeX Font Info:    Checking defaults for OML/txmi/m/it on input line 106.
LaTeX Font Info:    Trying to load font information for OML+txmi on input line 
106.

(C:\Users\Naresh Bandaru\AppData\Local\Programs\MiKTeX\tex/latex/txfonts\omltxm
i.fd
File: omltxmi.fd 2000/12/15 v3.1
)
LaTeX Font Info:    ... okay on input line 106.
LaTeX Font Info:    Checking defaults for OMS/txsy/m/n on input line 106.
LaTeX Font Info:    Trying to load font information for OMS+txsy on input line 
106.

(C:\Users\Naresh Bandaru\AppData\Local\Programs\MiKTeX\tex/latex/txfonts\omstxs
y.fd
File: omstxsy.fd 2000/12/15 v3.1
)
LaTeX Font Info:    ... okay on input line 106.
LaTeX Font Info:    Checking defaults for OT1/cmr/m/n on input line 106.
LaTeX Font Info:    ... okay on input line 106.
LaTeX Font Info:    Checking defaults for T1/cmr/m/n on input line 106.
LaTeX Font Info:    ... okay on input line 106.
LaTeX Font Info:    Checking defaults for TS1/cmr/m/n on input line 106.
LaTeX Font Info:    ... okay on input line 106.
LaTeX Font Info:    Checking defaults for OMX/txex/m/n on input line 106.
LaTeX Font Info:    Trying to load font information for OMX+txex on input line 
106.

(C:\Users\Naresh Bandaru\AppData\Local\Programs\MiKTeX\tex/latex/txfonts\omxtxe
x.fd
File: omxtxex.fd 2000/12/15 v3.1
)
LaTeX Font Info:    ... okay on input line 106.
LaTeX Font Info:    Checking defaults for U/txexa/m/n on input line 106.
LaTeX Font Info:    Trying to load font information for U+txexa on input line 1
06.

(C:\Users\Naresh Bandaru\AppData\Local\Programs\MiKTeX\tex/latex/txfonts\utxexa
.fd
File: utxexa.fd 2000/12/15 v3.1
)
LaTeX Font Info:    ... okay on input line 106.
LaTeX Font Info:    Checking defaults for PD1/pdf/m/n on input line 106.
LaTeX Font Info:    ... okay on input line 106.
LaTeX Font Info:    Checking defaults for PU/pdf/m/n on input line 106.
LaTeX Font Info:    ... okay on input line 106.
LaTeX Font Info:    Font shape `OT1/txr/b/n' in size <6> not available
(Font)              Font shape `OT1/txr/bx/n' tried instead on input line 106.
LaTeX Font Info:    Font shape `OT1/txr/b/it' in size <6> not available
(Font)              Font shape `OT1/txr/bx/it' tried instead on input line 106.

LaTeX Font Info:    Font shape `OT1/txr/b/n' in size <8> not available
(Font)              Font shape `OT1/txr/bx/n' tried instead on input line 106.
LaTeX Font Info:    Font shape `OT1/txr/b/it' in size <8> not available
(Font)              Font shape `OT1/txr/bx/it' tried instead on input line 106.

LaTeX Font Info:    Font shape `OT1/txr/b/n' in size <9> not available
(Font)              Font shape `OT1/txr/bx/n' tried instead on input line 106.
LaTeX Font Info:    Font shape `OT1/txr/b/it' in size <9> not available
(Font)              Font shape `OT1/txr/bx/it' tried instead on input line 106.

LaTeX Font Info:    Font shape `OT1/txr/b/n' in size <10> not available
(Font)              Font shape `OT1/txr/bx/n' tried instead on input line 106.
LaTeX Font Info:    Font shape `OT1/txr/b/it' in size <10> not available
(Font)              Font shape `OT1/txr/bx/it' tried instead on input line 106.

LaTeX Font Info:    Font shape `OT1/txr/b/n' in size <12> not available
(Font)              Font shape `OT1/txr/bx/n' tried instead on input line 106.
LaTeX Font Info:    Font shape `OT1/txr/b/it' in size <12> not available
(Font)              Font shape `OT1/txr/bx/it' tried instead on input line 106.

LaTeX Font Info:    Font shape `OT1/txr/b/n' in size <14> not available
(Font)              Font shape `OT1/txr/bx/n' tried instead on input line 106.
LaTeX Font Info:    Font shape `OT1/txr/b/it' in size <14> not available
(Font)              Font shape `OT1/txr/bx/it' tried instead on input line 106.

LaTeX Font Info:    Font shape `OT1/txr/b/n' in size <20> not available
(Font)              Font shape `OT1/txr/bx/n' tried instead on input line 106.
LaTeX Font Info:    Font shape `OT1/txr/b/it' in size <20> not available
(Font)              Font shape `OT1/txr/bx/it' tried instead on input line 106.

LaTeX Font Info:    Font shape `OT1/txr/b/n' in size <22> not available
(Font)              Font shape `OT1/txr/bx/n' tried instead on input line 106.
LaTeX Font Info:    Font shape `OT1/txr/b/it' in size <22> not available
(Font)              Font shape `OT1/txr/bx/it' tried instead on input line 106.

LaTeX Font Info:    Font shape `OT1/txr/b/n' in size <24> not available
(Font)              Font shape `OT1/txr/bx/n' tried instead on input line 106.
LaTeX Font Info:    Font shape `OT1/txr/b/it' in size <24> not available
(Font)              Font shape `OT1/txr/bx/it' tried instead on input line 106.


-- Lines per column: 50 (exact).
LaTeX Info: Redefining \celsius on input line 106.
Package gensymb Info: Faking symbols for \degree and \celsius on input line 106
.

Package gensymb Warning: Not defining \perthousand.

LaTeX Info: Redefining \ohm on input line 106.
Package gensymb Info: Using \Omega for \ohm on input line 106.

Package gensymb Warning: Not defining \micro.


(C:\Users\Naresh Bandaru\AppData\Local\Programs\MiKTeX\tex/context/base/mkii\su
pp-pdf.mkii
[Loading MPS to PDF converter (version 2006.09.02).]
\scratchcounter=\count345
\scratchdimen=\dimen330
\scratchbox=\box81
\nofMPsegments=\count346
\nofMParguments=\count347
\everyMPshowfont=\toks41
\MPscratchCnt=\count348
\MPscratchDim=\dimen331
\MPnumerator=\count349
\makeMPintoPDFobject=\count350
\everyMPtoPDFconversion=\toks42
)
(C:\Users\Naresh Bandaru\AppData\Local\Programs\MiKTeX\tex/latex/epstopdf-pkg\e
pstopdf-base.sty
Package: epstopdf-base 2020-01-24 v2.11 Base part for package epstopdf
Package epstopdf-base Info: Redefining graphics rule for `.eps' on input line 4
85.

(C:\Users\Naresh Bandaru\AppData\Local\Programs\MiKTeX\tex/latex/00miktex\epsto
pdf-sys.cfg
File: epstopdf-sys.cfg 2021/03/18 v2.0 Configuration of epstopdf for MiKTeX
))
\c@lstlisting=\count351
Package hyperref Info: Link coloring OFF on input line 106.
 (main.out) (main.out)
\@outlinefile=\write4
\openout4 = `main.out'.


(C:\Users\Naresh Bandaru\AppData\Local\Programs\MiKTeX\tex/latex/translations/d
icts\translations-basic-dictionary-english.trsl
File: translations-basic-dictionary-english.trsl (english translation file `tra
nslations-basic-dictionary')
)
Package translations Info: loading dictionary `translations-basic-dictionary' f
or `english'. on input line 106.
LaTeX Font Info:    Trying to load font information for U+txsya on input line 1
12.

(C:\Users\Naresh Bandaru\AppData\Local\Programs\MiKTeX\tex/latex/txfonts\utxsya
.fd
File: utxsya.fd 2000/12/15 v3.1
)
LaTeX Font Info:    Trying to load font information for U+txsyb on input line 1
12.

(C:\Users\Naresh Bandaru\AppData\Local\Programs\MiKTeX\tex/latex/txfonts\utxsyb
.fd
File: utxsyb.fd 2000/12/15 v3.1
)
LaTeX Font Info:    Trying to load font information for U+txmia on input line 1
12.

(C:\Users\Naresh Bandaru\AppData\Local\Programs\MiKTeX\tex/latex/txfonts\utxmia
.fd
File: utxmia.fd 2000/12/15 v3.1
)
LaTeX Font Info:    Trying to load font information for U+txsyc on input line 1
12.

(C:\Users\Naresh Bandaru\AppData\Local\Programs\MiKTeX\tex/latex/txfonts\utxsyc
.fd
File: utxsyc.fd 2000/12/15 v3.1
)
<./figs/1.1.png, id=27, 462.528pt x 346.896pt>
File: ./figs/1.1.png Graphic file (type png)
<use ./figs/1.1.png>
Package pdftex.def Info: ./figs/1.1.png  used on input line 132.
(pdftex.def)             Requested size: 252.0pt x 189.00427pt.


LaTeX Warning: Command \j invalid in math mode on input line 161.


LaTeX Warning: Command \j invalid in math mode on input line 161.


LaTeX Warning: Command \j invalid in math mode on input line 166.


LaTeX Warning: Command \j invalid in math mode on input line 166.


LaTeX Warning: Command \j invalid in math mode on input line 172.


LaTeX Warning: Command \j invalid in math mode on input line 172.


LaTeX Warning: Command \j invalid in math mode on input line 172.


LaTeX Warning: Command \j invalid in math mode on input line 172.


LaTeX Warning: Command \j invalid in math mode on input line 172.


LaTeX Warning: Command \j invalid in math mode on input line 172.


LaTeX Warning: Command \j invalid in math mode on input line 172.


LaTeX Warning: Command \j invalid in math mode on input line 172.


Overfull \hbox (26.02342pt too wide) detected at line 172
[]
 []


LaTeX Warning: Command \j invalid in math mode on input line 182.


LaTeX Warning: Command \j invalid in math mode on input line 182.


LaTeX Warning: Command \j invalid in math mode on input line 187.


LaTeX Warning: Command \j invalid in math mode on input line 187.

[1{C:/Users/Naresh Bandaru/AppData/Local/MiKTeX/fonts/map/pdftex/pdftex.map}


 <./figs/1.1.png>]

LaTeX Warning: Command \j invalid in math mode on input line 192.


LaTeX Warning: Command \j invalid in math mode on input line 192.


LaTeX Warning: Command \j invalid in math mode on input line 199.


LaTeX Warning: Command \j invalid in math mode on input line 199.


LaTeX Warning: Command \j invalid in math mode on input line 202.


LaTeX Warning: Command \j invalid in math mode on input line 202.


LaTeX Warning: Command \j invalid in math mode on input line 202.


LaTeX Warning: Command \j invalid in math mode on input line 202.


LaTeX Warning: Command \j invalid in math mode on input line 205.


LaTeX Warning: Command \j invalid in math mode on input line 205.


LaTeX Warning: Command \j invalid in math mode on input line 205.


LaTeX Warning: Command \j invalid in math mode on input line 205.


LaTeX Warning: Command \j invalid in math mode on input line 214.


LaTeX Warning: Command \j invalid in math mode on input line 214.


LaTeX Warning: Command \j invalid in math mode on input line 214.


LaTeX Warning: Command \j invalid in math mode on input line 214.


Overfull \hbox (44.90599pt too wide) detected at line 214
[]
 []

<./figs/2.3.png, id=67, 462.528pt x 346.896pt>
File: ./figs/2.3.png Graphic file (type png)
<use ./figs/2.3.png>
Package pdftex.def Info: ./figs/2.3.png  used on input line 239.
(pdftex.def)             Requested size: 252.0pt x 189.00427pt.

LaTeX Warning: Command \j invalid in math mode on input line 255.


LaTeX Warning: Command \j invalid in math mode on input line 255.


LaTeX Warning: Command \j invalid in math mode on input line 255.


LaTeX Warning: Command \j invalid in math mode on input line 255.


LaTeX Warning: Command \j invalid in math mode on input line 255.


LaTeX Warning: Command \j invalid in math mode on input line 255.


LaTeX Warning: Command \j invalid in math mode on input line 261.


LaTeX Warning: Command \j invalid in math mode on input line 261.


LaTeX Warning: Command \j invalid in math mode on input line 271.


LaTeX Warning: Command \j invalid in math mode on input line 271.

[2 <./figs/2.3.png>]
<./figs/2.6.png, id=104, 462.528pt x 346.896pt>
File: ./figs/2.6.png Graphic file (type png)
<use ./figs/2.6.png>
Package pdftex.def Info: ./figs/2.6.png  used on input line 320.
(pdftex.def)             Requested size: 252.0pt x 189.00427pt.
<./figs/comparison.png, id=105, 462.528pt x 346.896pt>
File: ./figs/comparison.png Graphic file (type png)
<use ./figs/comparison.png>
Package pdftex.def Info: ./figs/comparison.png  used on input line 327.
(pdftex.def)             Requested size: 252.0pt x 189.00427pt.
 [3 <./figs/2.6.png> <./figs/comparison.png>]

LaTeX Warning: Command \j invalid in math mode on input line 372.


LaTeX Warning: Command \j invalid in math mode on input line 372.


LaTeX Warning: Command \j invalid in math mode on input line 372.


LaTeX Warning: Command \j invalid in math mode on input line 372.


LaTeX Warning: Command \j invalid in math mode on input line 372.


LaTeX Warning: Command \j invalid in math mode on input line 372.


LaTeX Warning: Command \j invalid in math mode on input line 383.


LaTeX Warning: Command \j invalid in math mode on input line 399.


LaTeX Warning: Command \j invalid in math mode on input line 399.


LaTeX Warning: Command \j invalid in math mode on input line 399.


LaTeX Warning: Command \j invalid in math mode on input line 399.


LaTeX Warning: Command \j invalid in math mode on input line 409.


LaTeX Warning: Command \j invalid in math mode on input line 409.


LaTeX Warning: Command \j invalid in math mode on input line 409.


LaTeX Warning: Command \j invalid in math mode on input line 409.


LaTeX Warning: Reference `fig-3.8' on page 4 undefined on input line 411.

<./figs/3.8.png, id=142, 462.528pt x 346.896pt>
File: ./figs/3.8.png Graphic file (type png)
<use ./figs/3.8.png>
Package pdftex.def Info: ./figs/3.8.png  used on input line 423.
(pdftex.def)             Requested size: 252.0pt x 189.00427pt.

LaTeX Warning: Command \j invalid in math mode on input line 449.


LaTeX Warning: Command \j invalid in math mode on input line 449.

[4 <./figs/3.8.png>]
<./figs/3.9.png, id=187, 462.528pt x 346.896pt>
File: ./figs/3.9.png Graphic file (type png)
<use ./figs/3.9.png>
Package pdftex.def Info: ./figs/3.9.png  used on input line 463.
(pdftex.def)             Requested size: 252.0pt x 189.00427pt.
<./figs/3.10.png, id=189, 462.528pt x 346.896pt>
File: ./figs/3.10.png Graphic file (type png)
<use ./figs/3.10.png>
Package pdftex.def Info: ./figs/3.10.png  used on input line 489.
(pdftex.def)             Requested size: 252.0pt x 189.00427pt.
<./figs/4.3.png, id=191, 462.528pt x 346.896pt>
File: ./figs/4.3.png Graphic file (type png)
<use ./figs/4.3.png>
Package pdftex.def Info: ./figs/4.3.png  used on input line 545.
(pdftex.def)             Requested size: 252.0pt x 189.00427pt.
 [5 <./figs/3.9.png> <./figs/3.10.png>]
Underfull \hbox (badness 1867) in paragraph at lines 561--562
[]\OT1/txr/m/n/12 Let the pass-band and stop-band fre-quency
 []


Underfull \hbox (badness 3148) in paragraph at lines 630--631
\OT1/txr/bx/n/12 Solution: \OT1/txr/m/n/12 Us-ing the ta-ble of nor-mal-ized
 []

[6 <./figs/4.3.png>] [7

] (main.aux)

LaTeX Warning: There were undefined references.


LaTeX Warning: There were multiply-defined labels.

Package rerunfilecheck Info: File `main.out' has not changed.
(rerunfilecheck)             Checksum: 43EED739D6F151668068F9FE9749AB82;562.
 ) 
Here is how much of TeX's memory you used:
 45145 strings out of 475385
 1064653 string characters out of 2772623
 1612597 words of memory out of 3000000
 65818 multiletter control sequences out of 15000+600000
 544898 words of font info for 185 fonts, out of 8000000 for 9000
 1141 hyphenation exceptions out of 8191
 99i,16n,103p,409b,2493s stack positions out of 10000i,1000n,20000p,200000b,80000s
{C:/Users/Naresh Bandaru/AppData/Local/Programs/MiKTeX/fonts/enc/dvips/base/8
r.enc}<C:/Users/Naresh Bandaru/AppData/Local/Programs/MiKTeX/fonts/type1/public
/txfonts/rtxmi.pfb><C:/Users/Naresh Bandaru/AppData/Local/Programs/MiKTeX/fonts
/type1/public/txfonts/rtxr.pfb><C:/Users/Naresh Bandaru/AppData/Local/Programs/
MiKTeX/fonts/type1/public/txfonts/rtxsc.pfb><C:/Users/Naresh Bandaru/AppData/Lo
cal/Programs/MiKTeX/fonts/type1/public/txfonts/txex.pfb><C:/Users/Naresh Bandar
u/AppData/Local/Programs/MiKTeX/fonts/type1/public/txfonts/txsy.pfb><C:/Users/N
aresh Bandaru/AppData/Local/Programs/MiKTeX/fonts/type1/public/txfonts/txsya.pf
b><C:/Users/Naresh Bandaru/AppData/Local/Programs/MiKTeX/fonts/type1/public/txf
onts/txsyb.pfb><C:/Users/Naresh Bandaru/AppData/Local/Programs/MiKTeX/fonts/typ
e1/public/txfonts/txsyc.pfb><C:/Users/Naresh Bandaru/AppData/Local/Programs/MiK
TeX/fonts/type1/urw/times/utmb8a.pfb><C:/Users/Naresh Bandaru/AppData/Local/Pro
grams/MiKTeX/fonts/type1/urw/times/utmr8a.pfb><C:/Users/Naresh Bandaru/AppData/
Local/Programs/MiKTeX/fonts/type1/urw/times/utmri8a.pfb>
Output written on main.pdf (7 pages, 369379 bytes).
PDF statistics:
 350 PDF objects out of 1000 (max. 8388607)
 182 named destinations out of 1000 (max. 500000)
 93 words of extra memory for PDF output out of 10000 (max. 10000000)

